<html>
<head>
<title>TestNG:  Default test</title>
<link href="../testng.css" rel="stylesheet" type="text/css" />
<link href="../my-testng.css" rel="stylesheet" type="text/css" />

<style type="text/css">
.log { display: none;} 
.stack-trace { display: none;} 
</style>
<script type="text/javascript">
<!--
function flip(e) {
  current = e.style.display;
  if (current == 'block') {
    e.style.display = 'none';
    return 0;
  }
  else {
    e.style.display = 'block';
    return 1;
  }
}

function toggleBox(szDivId, elem, msg1, msg2)
{
  var res = -1;  if (document.getElementById) {
    res = flip(document.getElementById(szDivId));
  }
  else if (document.all) {
    // this is the way old msie versions work
    res = flip(document.all[szDivId]);
  }
  if(elem) {
    if(res == 0) elem.innerHTML = msg1; else elem.innerHTML = msg2;
  }

}

function toggleAllBoxes() {
  if (document.getElementsByTagName) {
    d = document.getElementsByTagName('div');
    for (i = 0; i < d.length; i++) {
      if (d[i].className == 'log') {
        flip(d[i]);
      }
    }
  }
}

// -->
</script>

</head>
<body>
<h2 align='center'>Default test</h2><table border='1' align="center">
<tr>
<td>Tests passed/Failed/Skipped:</td><td>5/3/0</td>
</tr><tr>
<td>Started on:</td><td>Thu Nov 14 09:39:11 IST 2024</td>
</tr>
<tr><td>Total time:</td><td>211 seconds (211544 ms)</td>
</tr><tr>
<td>Included groups:</td><td></td>
</tr><tr>
<td>Excluded groups:</td><td></td>
</tr>
</table><p/>
<small><i>(Hover the method name to see the test class name)</i></small><p/>
<table width='100%' border='1' class='invocation-failed'>
<tr><td colspan='4' align='center'><b>FAILED TESTS</b></td></tr>
<tr><td><b>Test method</b></td>
<td><b>Attribute(s)</b></td>
<td width="30%"><b>Exception</b></td>
<td width="10%"><b>Time (seconds)</b></td>
<td><b>Instance</b></td>
</tr>
<tr>
<td title='com.runners.CucumberRunner.runScenario()'><b>runScenario</b><br>Test class: com.runners.CucumberRunner<br>Test method: Runs Cucumber Scenarios<br>Parameters: "user should be able to select price checkbox from filter option", "Selecting hotels for booking"<br/>
<a href="#Output-121463477" onClick='toggleBox("Output-121463477", this, "Show output", "Hide output");'>Show output</a>

<a href="#Output-121463477" onClick="toggleAllBoxes();">Show all outputs</a>
<div class='log' id="Output-121463477">
Browser is launched<br/>
Navigated to the specified URL<br/>
Clicked on hotel<br/>
User is navigated to hotels page<br/>
City entered and selected: Ban<br/>
Check-in date selected: November 20.0<br/>
Check-out date selected: November 23.0<br/>
Clicked on Apply button<br/>
Clicked on Search button<br/>
User is navigated to Bangkok Property hotel list <br/>
Scrolled down to Price per night in filter option<br/>
</div>
</td>
<td><div><pre>org.openqa.selenium.NoSuchElementException: no such element: Unable to locate element: {&quot;method&quot;:&quot;xpath&quot;,&quot;selector&quot;:&quot;//label[@for=&apos;₹ 4500 - ₹ 8000&apos;]&quot;}
  (Session info: chrome=131.0.6778.69)
For documentation on this error, please visit: https://www.selenium.dev/documentation/webdriver/troubleshooting/errors#no-such-element-exception
Build info: version: &apos;4.16.1&apos;, revision: &apos;9b4c83354e&apos;
System info: os.name: &apos;Windows 11&apos;, os.arch: &apos;amd64&apos;, os.version: &apos;10.0&apos;, java.version: &apos;23&apos;
Driver info: org.openqa.selenium.chrome.ChromeDriver
Command: [519000275ece050d04897e3a59681657, findElement {using=xpath, value=//label[@for=&apos;₹ 4500 - ₹ 8000&apos;]}]
Capabilities {acceptInsecureCerts: false, browserName: chrome, browserVersion: 131.0.6778.69, chrome: {chromedriverVersion: 131.0.6778.69 (77e2244bbcda..., userDataDir: C:\Users\swati\AppData\Loca...}, fedcm:accounts: true, goog:chromeOptions: {debuggerAddress: localhost:63924}, networkConnectionEnabled: false, pageLoadStrategy: normal, platformName: windows, proxy: Proxy(), se:cdp: ws://localhost:63924/devtoo..., se:cdpVersion: 131.0.6778.69, setWindowRect: true, strictFileInteractability: false, timeouts: {implicit: 0, pageLoad: 300000, script: 30000}, unhandledPromptBehavior: dismiss and notify, webauthn:extension:credBlob: true, webauthn:extension:largeBlob: true, webauthn:extension:minPinLength: true, webauthn:extension:prf: true, webauthn:virtualAuthenticators: true}
Session ID: 519000275ece050d04897e3a59681657
	at java.base/jdk.internal.reflect.DirectConstructorHandleAccessor.newInstance(DirectConstructorHandleAccessor.java:62)
	at java.base/java.lang.reflect.Constructor.newInstanceWithCaller(Constructor.java:501)
	at java.base/java.lang.reflect.Constructor.newInstance(Constructor.java:485)
	at org.openqa.selenium.remote.codec.w3c.W3CHttpResponseCodec.createException(W3CHttpResponseCodec.java:200)
	at org.openqa.selenium.remote.codec.w3c.W3CHttpResponseCodec.decode(W3CHttpResponseCodec.java:133)
	at org.openqa.selenium.remote.codec.w3c.W3CHttpResponseCodec.decode(W3CHttpResponseCodec.java:52)
	at org.openqa.selenium.remote.HttpCommandExecutor.execute(HttpCommandExecutor.java:191)
	at org.openqa.selenium.remote.service.DriverCommandExecutor.invokeExecute(DriverCommandExecutor.java:200)
	at org.openqa.selenium.remote.service.DriverCommandExecutor.execute(DriverCommandExecutor.java:175)
	at org.openqa.selenium.remote.RemoteWebDriver.execute(RemoteWebDriver.java:523)
	at org.openqa.selenium.remote.ElementLocation$ElementFinder$2.findElement(ElementLocation.java:165)
	at org.openqa.selenium.remote.ElementLocation.findElement(ElementLocation.java:59)
	at org.openqa.selenium.remote.RemoteWebDriver.findElement(RemoteWebDriver.java:360)
	at org.openqa.selenium.remote.RemoteWebDriver.findElement(RemoteWebDriver.java:354)
	at org.openqa.selenium.support.pagefactory.DefaultElementLocator.findElement(DefaultElementLocator.java:68)
	at org.openqa.selenium.support.pagefactory.internal.LocatingElementHandler.invoke(LocatingElementHandler.java:38)
	at jdk.proxy2/jdk.proxy2.$Proxy25.isDisplayed(Unknown Source)
	at com.stepDefinition.HotelSelection.select_price_checkbox_and_navigate_to_hotel_list(HotelSelection.java:79)
	at ✽.Select price checkbox and navigate to hotel list(file:///C:/Users/swati/git/repository45/MakeMyTrip/./src/test/resources/featureFiles/HotelSelection.feature:17)
</pre></div><a href='#' onClick='toggleBox("stack-trace121463477", this, "Click to show all stack frames", "Click to hide stack frames")'>Click to show all stack frames</a>
<div class='stack-trace' id='stack-trace121463477'><pre>org.openqa.selenium.NoSuchElementException: no such element: Unable to locate element: {&quot;method&quot;:&quot;xpath&quot;,&quot;selector&quot;:&quot;//label[@for=&apos;₹ 4500 - ₹ 8000&apos;]&quot;}
  (Session info: chrome=131.0.6778.69)
For documentation on this error, please visit: https://www.selenium.dev/documentation/webdriver/troubleshooting/errors#no-such-element-exception
Build info: version: &apos;4.16.1&apos;, revision: &apos;9b4c83354e&apos;
System info: os.name: &apos;Windows 11&apos;, os.arch: &apos;amd64&apos;, os.version: &apos;10.0&apos;, java.version: &apos;23&apos;
Driver info: org.openqa.selenium.chrome.ChromeDriver
Command: [519000275ece050d04897e3a59681657, findElement {using=xpath, value=//label[@for=&apos;₹ 4500 - ₹ 8000&apos;]}]
Capabilities {acceptInsecureCerts: false, browserName: chrome, browserVersion: 131.0.6778.69, chrome: {chromedriverVersion: 131.0.6778.69 (77e2244bbcda..., userDataDir: C:\Users\swati\AppData\Loca...}, fedcm:accounts: true, goog:chromeOptions: {debuggerAddress: localhost:63924}, networkConnectionEnabled: false, pageLoadStrategy: normal, platformName: windows, proxy: Proxy(), se:cdp: ws://localhost:63924/devtoo..., se:cdpVersion: 131.0.6778.69, setWindowRect: true, strictFileInteractability: false, timeouts: {implicit: 0, pageLoad: 300000, script: 30000}, unhandledPromptBehavior: dismiss and notify, webauthn:extension:credBlob: true, webauthn:extension:largeBlob: true, webauthn:extension:minPinLength: true, webauthn:extension:prf: true, webauthn:virtualAuthenticators: true}
Session ID: 519000275ece050d04897e3a59681657
	at java.base/jdk.internal.reflect.DirectConstructorHandleAccessor.newInstance(DirectConstructorHandleAccessor.java:62)
	at java.base/java.lang.reflect.Constructor.newInstanceWithCaller(Constructor.java:501)
	at java.base/java.lang.reflect.Constructor.newInstance(Constructor.java:485)
	at org.openqa.selenium.remote.codec.w3c.W3CHttpResponseCodec.createException(W3CHttpResponseCodec.java:200)
	at org.openqa.selenium.remote.codec.w3c.W3CHttpResponseCodec.decode(W3CHttpResponseCodec.java:133)
	at org.openqa.selenium.remote.codec.w3c.W3CHttpResponseCodec.decode(W3CHttpResponseCodec.java:52)
	at org.openqa.selenium.remote.HttpCommandExecutor.execute(HttpCommandExecutor.java:191)
	at org.openqa.selenium.remote.service.DriverCommandExecutor.invokeExecute(DriverCommandExecutor.java:200)
	at org.openqa.selenium.remote.service.DriverCommandExecutor.execute(DriverCommandExecutor.java:175)
	at org.openqa.selenium.remote.RemoteWebDriver.execute(RemoteWebDriver.java:523)
	at org.openqa.selenium.remote.ElementLocation$ElementFinder$2.findElement(ElementLocation.java:165)
	at org.openqa.selenium.remote.ElementLocation.findElement(ElementLocation.java:59)
	at org.openqa.selenium.remote.RemoteWebDriver.findElement(RemoteWebDriver.java:360)
	at org.openqa.selenium.remote.RemoteWebDriver.findElement(RemoteWebDriver.java:354)
	at org.openqa.selenium.support.pagefactory.DefaultElementLocator.findElement(DefaultElementLocator.java:68)
	at org.openqa.selenium.support.pagefactory.internal.LocatingElementHandler.invoke(LocatingElementHandler.java:38)
	at jdk.proxy2/jdk.proxy2.$Proxy25.isDisplayed(Unknown Source)
	at com.stepDefinition.HotelSelection.select_price_checkbox_and_navigate_to_hotel_list(HotelSelection.java:79)
	at ✽.Select price checkbox and navigate to hotel list(file:///C:/Users/swati/git/repository45/MakeMyTrip/./src/test/resources/featureFiles/HotelSelection.feature:17)
</pre></div></td>
<td>32</td>
<td>com.runners.CucumberRunner@38102d01</td></tr>
<tr>
<td title='com.runners.CucumberRunner.runScenario()'><b>runScenario</b><br>Test class: com.runners.CucumberRunner<br>Test method: Runs Cucumber Scenarios<br>Parameters: "Validate user is able to select multiple filters", "Selecting multiple filters to view hotel list"<br/>
<a href="#Output-1617241368" onClick='toggleBox("Output-1617241368", this, "Show output", "Hide output");'>Show output</a>

<a href="#Output-1617241368" onClick="toggleAllBoxes();">Show all outputs</a>
<div class='log' id="Output-1617241368">
Browser is launched<br/>
Navigated to the specified URL<br/>
Clicked on hotel<br/>
User is navigated to hotels page<br/>
User is able to scroll down to the list of places<br/>
User is able to click on the specific location for hotels<br/>
Verified after navigating to the page<br/>
City entered in popup: Mumbai<br/>
User is able to Enter city and selected checkin, checkout, room, and guests textfield<br/>
 User Clicked on Star filter<br/>
</div>
</td>
<td><div><pre>org.openqa.selenium.ElementClickInterceptedException: element click intercepted: Element &lt;span&gt;...&lt;/span&gt; is not clickable at point (104, 470). Other element would receive the click: &lt;div class=&quot;appendBottom35&quot;&gt;...&lt;/div&gt;
  (Session info: chrome=131.0.6778.69)
Build info: version: &apos;4.16.1&apos;, revision: &apos;9b4c83354e&apos;
System info: os.name: &apos;Windows 11&apos;, os.arch: &apos;amd64&apos;, os.version: &apos;10.0&apos;, java.version: &apos;23&apos;
Driver info: org.openqa.selenium.chrome.ChromeDriver
Command: [60112d5bfd31e8fcbfb9ee7b2c0e1d90, clickElement {id=f.4D829AC7C5B92626460805D2628766C8.d.8912027A677F5CA61919100BBA72E53C.e.513}]
Capabilities {acceptInsecureCerts: false, browserName: chrome, browserVersion: 131.0.6778.69, chrome: {chromedriverVersion: 131.0.6778.69 (77e2244bbcda..., userDataDir: C:\Users\swati\AppData\Loca...}, fedcm:accounts: true, goog:chromeOptions: {debuggerAddress: localhost:53701}, networkConnectionEnabled: false, pageLoadStrategy: normal, platformName: windows, proxy: Proxy(), se:cdp: ws://localhost:53701/devtoo..., se:cdpVersion: 131.0.6778.69, setWindowRect: true, strictFileInteractability: false, timeouts: {implicit: 0, pageLoad: 300000, script: 30000}, unhandledPromptBehavior: dismiss and notify, webauthn:extension:credBlob: true, webauthn:extension:largeBlob: true, webauthn:extension:minPinLength: true, webauthn:extension:prf: true, webauthn:virtualAuthenticators: true}
Element: [[ChromeDriver: chrome on windows (60112d5bfd31e8fcbfb9ee7b2c0e1d90)] -&gt; xpath: //span[text()=&apos;Free Breakfast&apos;]]
Session ID: 60112d5bfd31e8fcbfb9ee7b2c0e1d90
	at java.base/jdk.internal.reflect.DirectConstructorHandleAccessor.newInstance(DirectConstructorHandleAccessor.java:62)
	at java.base/java.lang.reflect.Constructor.newInstanceWithCaller(Constructor.java:501)
	at java.base/java.lang.reflect.Constructor.newInstance(Constructor.java:485)
	at org.openqa.selenium.remote.codec.w3c.W3CHttpResponseCodec.createException(W3CHttpResponseCodec.java:200)
	at org.openqa.selenium.remote.codec.w3c.W3CHttpResponseCodec.decode(W3CHttpResponseCodec.java:133)
	at org.openqa.selenium.remote.codec.w3c.W3CHttpResponseCodec.decode(W3CHttpResponseCodec.java:52)
	at org.openqa.selenium.remote.HttpCommandExecutor.execute(HttpCommandExecutor.java:191)
	at org.openqa.selenium.remote.service.DriverCommandExecutor.invokeExecute(DriverCommandExecutor.java:200)
	at org.openqa.selenium.remote.service.DriverCommandExecutor.execute(DriverCommandExecutor.java:175)
	at org.openqa.selenium.remote.RemoteWebDriver.execute(RemoteWebDriver.java:523)
	at org.openqa.selenium.remote.RemoteWebElement.execute(RemoteWebElement.java:224)
	at org.openqa.selenium.remote.RemoteWebElement.click(RemoteWebElement.java:77)
	at java.base/jdk.internal.reflect.DirectMethodHandleAccessor.invoke(DirectMethodHandleAccessor.java:103)
	at java.base/java.lang.reflect.Method.invoke(Method.java:580)
	at org.openqa.selenium.support.pagefactory.internal.LocatingElementHandler.invoke(LocatingElementHandler.java:51)
	at jdk.proxy2/jdk.proxy2.$Proxy25.click(Unknown Source)
	at com.elementRepository.MultipleFiltersPage.breakfastFilterClicked(MultipleFiltersPage.java:92)
	at com.stepDefinition.MultipleFilters.user_clicks_on_multiple_filters(MultipleFilters.java:90)
	at ✽.User clicks on multiple filters(file:///C:/Users/swati/git/repository45/MakeMyTrip/./src/test/resources/featureFiles/MultipleFilters.feature:14)
</pre></div><a href='#' onClick='toggleBox("stack-trace1617241368", this, "Click to show all stack frames", "Click to hide stack frames")'>Click to show all stack frames</a>
<div class='stack-trace' id='stack-trace1617241368'><pre>org.openqa.selenium.ElementClickInterceptedException: element click intercepted: Element &lt;span&gt;...&lt;/span&gt; is not clickable at point (104, 470). Other element would receive the click: &lt;div class=&quot;appendBottom35&quot;&gt;...&lt;/div&gt;
  (Session info: chrome=131.0.6778.69)
Build info: version: &apos;4.16.1&apos;, revision: &apos;9b4c83354e&apos;
System info: os.name: &apos;Windows 11&apos;, os.arch: &apos;amd64&apos;, os.version: &apos;10.0&apos;, java.version: &apos;23&apos;
Driver info: org.openqa.selenium.chrome.ChromeDriver
Command: [60112d5bfd31e8fcbfb9ee7b2c0e1d90, clickElement {id=f.4D829AC7C5B92626460805D2628766C8.d.8912027A677F5CA61919100BBA72E53C.e.513}]
Capabilities {acceptInsecureCerts: false, browserName: chrome, browserVersion: 131.0.6778.69, chrome: {chromedriverVersion: 131.0.6778.69 (77e2244bbcda..., userDataDir: C:\Users\swati\AppData\Loca...}, fedcm:accounts: true, goog:chromeOptions: {debuggerAddress: localhost:53701}, networkConnectionEnabled: false, pageLoadStrategy: normal, platformName: windows, proxy: Proxy(), se:cdp: ws://localhost:53701/devtoo..., se:cdpVersion: 131.0.6778.69, setWindowRect: true, strictFileInteractability: false, timeouts: {implicit: 0, pageLoad: 300000, script: 30000}, unhandledPromptBehavior: dismiss and notify, webauthn:extension:credBlob: true, webauthn:extension:largeBlob: true, webauthn:extension:minPinLength: true, webauthn:extension:prf: true, webauthn:virtualAuthenticators: true}
Element: [[ChromeDriver: chrome on windows (60112d5bfd31e8fcbfb9ee7b2c0e1d90)] -&gt; xpath: //span[text()=&apos;Free Breakfast&apos;]]
Session ID: 60112d5bfd31e8fcbfb9ee7b2c0e1d90
	at java.base/jdk.internal.reflect.DirectConstructorHandleAccessor.newInstance(DirectConstructorHandleAccessor.java:62)
	at java.base/java.lang.reflect.Constructor.newInstanceWithCaller(Constructor.java:501)
	at java.base/java.lang.reflect.Constructor.newInstance(Constructor.java:485)
	at org.openqa.selenium.remote.codec.w3c.W3CHttpResponseCodec.createException(W3CHttpResponseCodec.java:200)
	at org.openqa.selenium.remote.codec.w3c.W3CHttpResponseCodec.decode(W3CHttpResponseCodec.java:133)
	at org.openqa.selenium.remote.codec.w3c.W3CHttpResponseCodec.decode(W3CHttpResponseCodec.java:52)
	at org.openqa.selenium.remote.HttpCommandExecutor.execute(HttpCommandExecutor.java:191)
	at org.openqa.selenium.remote.service.DriverCommandExecutor.invokeExecute(DriverCommandExecutor.java:200)
	at org.openqa.selenium.remote.service.DriverCommandExecutor.execute(DriverCommandExecutor.java:175)
	at org.openqa.selenium.remote.RemoteWebDriver.execute(RemoteWebDriver.java:523)
	at org.openqa.selenium.remote.RemoteWebElement.execute(RemoteWebElement.java:224)
	at org.openqa.selenium.remote.RemoteWebElement.click(RemoteWebElement.java:77)
	at java.base/jdk.internal.reflect.DirectMethodHandleAccessor.invoke(DirectMethodHandleAccessor.java:103)
	at java.base/java.lang.reflect.Method.invoke(Method.java:580)
	at org.openqa.selenium.support.pagefactory.internal.LocatingElementHandler.invoke(LocatingElementHandler.java:51)
	at jdk.proxy2/jdk.proxy2.$Proxy25.click(Unknown Source)
	at com.elementRepository.MultipleFiltersPage.breakfastFilterClicked(MultipleFiltersPage.java:92)
	at com.stepDefinition.MultipleFilters.user_clicks_on_multiple_filters(MultipleFilters.java:90)
	at ✽.User clicks on multiple filters(file:///C:/Users/swati/git/repository45/MakeMyTrip/./src/test/resources/featureFiles/MultipleFilters.feature:14)
</pre></div></td>
<td>20</td>
<td>com.runners.CucumberRunner@38102d01</td></tr>
<tr>
<td title='com.runners.CucumberRunner.runScenario()'><b>runScenario</b><br>Test class: com.runners.CucumberRunner<br>Test method: Runs Cucumber Scenarios<br>Parameters: "Validate user is able to locate hotel from map and book hotel", "Review Booking Hotel from map"<br/>
<a href="#Output-1972950645" onClick='toggleBox("Output-1972950645", this, "Show output", "Hide output");'>Show output</a>

<a href="#Output-1972950645" onClick="toggleAllBoxes();">Show all outputs</a>
<div class='log' id="Output-1972950645">
Browser is launched<br/>
Navigated to the specified URL<br/>
Clicked on hotel<br/>
User is navigated to hotels page<br/>
City entered and selected: Ban<br/>
Check-in date selected: November 20.0<br/>
Check-out date selected: November 23.0<br/>
Clicked on Apply button<br/>
Clicked on Search button<br/>
User is navigated to Bangkok Property hotel list <br/>
Clicked on explore on map<br/>
Clicked on View main areas<br/>
Clicked on the area option<br/>
Navigated to hotel list page<br/>
Clicked on the filtered hotel to view details<br/>
Clicked on BOOK THIS NOW button<br/>
</div>
</td>
<td><div><pre>org.openqa.selenium.NoSuchElementException: no such element: Unable to locate element: {&quot;method&quot;:&quot;xpath&quot;,&quot;selector&quot;:&quot;//h2[@class=&apos;font24 latoBlack whiteText&apos;]&quot;}
  (Session info: chrome=131.0.6778.69)
For documentation on this error, please visit: https://www.selenium.dev/documentation/webdriver/troubleshooting/errors#no-such-element-exception
Build info: version: &apos;4.16.1&apos;, revision: &apos;9b4c83354e&apos;
System info: os.name: &apos;Windows 11&apos;, os.arch: &apos;amd64&apos;, os.version: &apos;10.0&apos;, java.version: &apos;23&apos;
Driver info: org.openqa.selenium.chrome.ChromeDriver
Command: [2037a52ca6b99a525449ff010e6ed964, findElement {using=xpath, value=//h2[@class=&apos;font24 latoBlack whiteText&apos;]}]
Capabilities {acceptInsecureCerts: false, browserName: chrome, browserVersion: 131.0.6778.69, chrome: {chromedriverVersion: 131.0.6778.69 (77e2244bbcda..., userDataDir: C:\Users\swati\AppData\Loca...}, fedcm:accounts: true, goog:chromeOptions: {debuggerAddress: localhost:63784}, networkConnectionEnabled: false, pageLoadStrategy: normal, platformName: windows, proxy: Proxy(), se:cdp: ws://localhost:63784/devtoo..., se:cdpVersion: 131.0.6778.69, setWindowRect: true, strictFileInteractability: false, timeouts: {implicit: 0, pageLoad: 300000, script: 30000}, unhandledPromptBehavior: dismiss and notify, webauthn:extension:credBlob: true, webauthn:extension:largeBlob: true, webauthn:extension:minPinLength: true, webauthn:extension:prf: true, webauthn:virtualAuthenticators: true}
Session ID: 2037a52ca6b99a525449ff010e6ed964
	at java.base/jdk.internal.reflect.DirectConstructorHandleAccessor.newInstance(DirectConstructorHandleAccessor.java:62)
	at java.base/java.lang.reflect.Constructor.newInstanceWithCaller(Constructor.java:501)
	at java.base/java.lang.reflect.Constructor.newInstance(Constructor.java:485)
	at org.openqa.selenium.remote.codec.w3c.W3CHttpResponseCodec.createException(W3CHttpResponseCodec.java:200)
	at org.openqa.selenium.remote.codec.w3c.W3CHttpResponseCodec.decode(W3CHttpResponseCodec.java:133)
	at org.openqa.selenium.remote.codec.w3c.W3CHttpResponseCodec.decode(W3CHttpResponseCodec.java:52)
	at org.openqa.selenium.remote.HttpCommandExecutor.execute(HttpCommandExecutor.java:191)
	at org.openqa.selenium.remote.service.DriverCommandExecutor.invokeExecute(DriverCommandExecutor.java:200)
	at org.openqa.selenium.remote.service.DriverCommandExecutor.execute(DriverCommandExecutor.java:175)
	at org.openqa.selenium.remote.RemoteWebDriver.execute(RemoteWebDriver.java:523)
	at org.openqa.selenium.remote.ElementLocation$ElementFinder$2.findElement(ElementLocation.java:165)
	at org.openqa.selenium.remote.ElementLocation.findElement(ElementLocation.java:59)
	at org.openqa.selenium.remote.RemoteWebDriver.findElement(RemoteWebDriver.java:360)
	at org.openqa.selenium.remote.RemoteWebDriver.findElement(RemoteWebDriver.java:354)
	at org.openqa.selenium.support.pagefactory.DefaultElementLocator.findElement(DefaultElementLocator.java:68)
	at org.openqa.selenium.support.pagefactory.internal.LocatingElementHandler.invoke(LocatingElementHandler.java:38)
	at jdk.proxy2/jdk.proxy2.$Proxy25.isDisplayed(Unknown Source)
	at com.stepDefinition.SortByHotels.user_is_navigated_to_review_your_booking(SortByHotels.java:96)
	at ✽.User is navigated to Review your Booking(file:///C:/Users/swati/git/repository45/MakeMyTrip/./src/test/resources/featureFiles/ReviewHotelFromMap.feature:19)
</pre></div><a href='#' onClick='toggleBox("stack-trace1972950645", this, "Click to show all stack frames", "Click to hide stack frames")'>Click to show all stack frames</a>
<div class='stack-trace' id='stack-trace1972950645'><pre>org.openqa.selenium.NoSuchElementException: no such element: Unable to locate element: {&quot;method&quot;:&quot;xpath&quot;,&quot;selector&quot;:&quot;//h2[@class=&apos;font24 latoBlack whiteText&apos;]&quot;}
  (Session info: chrome=131.0.6778.69)
For documentation on this error, please visit: https://www.selenium.dev/documentation/webdriver/troubleshooting/errors#no-such-element-exception
Build info: version: &apos;4.16.1&apos;, revision: &apos;9b4c83354e&apos;
System info: os.name: &apos;Windows 11&apos;, os.arch: &apos;amd64&apos;, os.version: &apos;10.0&apos;, java.version: &apos;23&apos;
Driver info: org.openqa.selenium.chrome.ChromeDriver
Command: [2037a52ca6b99a525449ff010e6ed964, findElement {using=xpath, value=//h2[@class=&apos;font24 latoBlack whiteText&apos;]}]
Capabilities {acceptInsecureCerts: false, browserName: chrome, browserVersion: 131.0.6778.69, chrome: {chromedriverVersion: 131.0.6778.69 (77e2244bbcda..., userDataDir: C:\Users\swati\AppData\Loca...}, fedcm:accounts: true, goog:chromeOptions: {debuggerAddress: localhost:63784}, networkConnectionEnabled: false, pageLoadStrategy: normal, platformName: windows, proxy: Proxy(), se:cdp: ws://localhost:63784/devtoo..., se:cdpVersion: 131.0.6778.69, setWindowRect: true, strictFileInteractability: false, timeouts: {implicit: 0, pageLoad: 300000, script: 30000}, unhandledPromptBehavior: dismiss and notify, webauthn:extension:credBlob: true, webauthn:extension:largeBlob: true, webauthn:extension:minPinLength: true, webauthn:extension:prf: true, webauthn:virtualAuthenticators: true}
Session ID: 2037a52ca6b99a525449ff010e6ed964
	at java.base/jdk.internal.reflect.DirectConstructorHandleAccessor.newInstance(DirectConstructorHandleAccessor.java:62)
	at java.base/java.lang.reflect.Constructor.newInstanceWithCaller(Constructor.java:501)
	at java.base/java.lang.reflect.Constructor.newInstance(Constructor.java:485)
	at org.openqa.selenium.remote.codec.w3c.W3CHttpResponseCodec.createException(W3CHttpResponseCodec.java:200)
	at org.openqa.selenium.remote.codec.w3c.W3CHttpResponseCodec.decode(W3CHttpResponseCodec.java:133)
	at org.openqa.selenium.remote.codec.w3c.W3CHttpResponseCodec.decode(W3CHttpResponseCodec.java:52)
	at org.openqa.selenium.remote.HttpCommandExecutor.execute(HttpCommandExecutor.java:191)
	at org.openqa.selenium.remote.service.DriverCommandExecutor.invokeExecute(DriverCommandExecutor.java:200)
	at org.openqa.selenium.remote.service.DriverCommandExecutor.execute(DriverCommandExecutor.java:175)
	at org.openqa.selenium.remote.RemoteWebDriver.execute(RemoteWebDriver.java:523)
	at org.openqa.selenium.remote.ElementLocation$ElementFinder$2.findElement(ElementLocation.java:165)
	at org.openqa.selenium.remote.ElementLocation.findElement(ElementLocation.java:59)
	at org.openqa.selenium.remote.RemoteWebDriver.findElement(RemoteWebDriver.java:360)
	at org.openqa.selenium.remote.RemoteWebDriver.findElement(RemoteWebDriver.java:354)
	at org.openqa.selenium.support.pagefactory.DefaultElementLocator.findElement(DefaultElementLocator.java:68)
	at org.openqa.selenium.support.pagefactory.internal.LocatingElementHandler.invoke(LocatingElementHandler.java:38)
	at jdk.proxy2/jdk.proxy2.$Proxy25.isDisplayed(Unknown Source)
	at com.stepDefinition.SortByHotels.user_is_navigated_to_review_your_booking(SortByHotels.java:96)
	at ✽.User is navigated to Review your Booking(file:///C:/Users/swati/git/repository45/MakeMyTrip/./src/test/resources/featureFiles/ReviewHotelFromMap.feature:19)
</pre></div></td>
<td>46</td>
<td>com.runners.CucumberRunner@38102d01</td></tr>
</table><p>
<table width='100%' border='1' class='invocation-passed'>
<tr><td colspan='4' align='center'><b>PASSED TESTS</b></td></tr>
<tr><td><b>Test method</b></td>
<td><b>Attribute(s)</b></td>
<td width="30%"><b>Exception</b></td>
<td width="10%"><b>Time (seconds)</b></td>
<td><b>Instance</b></td>
</tr>
<tr>
<td title='com.runners.CucumberRunner.runScenario()'><b>runScenario</b><br>Test class: com.runners.CucumberRunner<br>Test method: Runs Cucumber Scenarios<br>Parameters: "User Should be able to view map", "Selecting hotels for booking"<br/>
<a href="#Output-188909616" onClick='toggleBox("Output-188909616", this, "Show output", "Hide output");'>Show output</a>

<a href="#Output-188909616" onClick="toggleAllBoxes();">Show all outputs</a>
<div class='log' id="Output-188909616">
Browser is launched<br/>
Navigated to the specified URL<br/>
Clicked on hotel<br/>
User is navigated to hotels page<br/>
City entered and selected: Ban<br/>
Check-in date selected: November 20.0<br/>
Check-out date selected: November 23.0<br/>
Clicked on Apply button<br/>
Clicked on Search button<br/>
User is navigated to Bangkok Property hotel list <br/>
Clicked on explore on map<br/>
Clicked on View main areas<br/>
</div>
</td>
<td></td>
<td>17</td>
<td>com.runners.CucumberRunner@38102d01</td></tr>
<tr>
<td title='com.runners.CucumberRunner.runScenario()'><b>runScenario</b><br>Test class: com.runners.CucumberRunner<br>Test method: Runs Cucumber Scenarios<br>Parameters: "User is able to enter the budget in the filter section", "Selecting multiple filters to view hotel list"<br/>
<a href="#Output-590720754" onClick='toggleBox("Output-590720754", this, "Show output", "Hide output");'>Show output</a>

<a href="#Output-590720754" onClick="toggleAllBoxes();">Show all outputs</a>
<div class='log' id="Output-590720754">
Browser is launched<br/>
Navigated to the specified URL<br/>
Clicked on hotel<br/>
User is navigated to hotels page<br/>
User is able to scroll down to the list of places<br/>
User is able to click on the specific location for hotels<br/>
Verified after navigating to the page<br/>
User is able to see Budget option after scrolling<br/>
Min value entered in popup: 2500<br/>
Max value entered in popup: 5000<br/>
Clicked on arrow button<br/>
All filters are applied successfully<br/>
</div>
</td>
<td></td>
<td>15</td>
<td>com.runners.CucumberRunner@38102d01</td></tr>
<tr>
<td title='com.runners.CucumberRunner.runScenario()'><b>runScenario</b><br>Test class: com.runners.CucumberRunner<br>Test method: Runs Cucumber Scenarios<br>Parameters: "Validate user is able to select Hotels from Hotels page by filtering rating", "Hotels"<br/>
<a href="#Output-1256374299" onClick='toggleBox("Output-1256374299", this, "Show output", "Hide output");'>Show output</a>

<a href="#Output-1256374299" onClick="toggleAllBoxes();">Show all outputs</a>
<div class='log' id="Output-1256374299">
Browser is launched<br/>
Navigated to the specified URL<br/>
Clicked on hotel<br/>
User is navigated to hotels page<br/>
Clicked on Search button<br/>
Clicked on user rating<br/>
Clicked on highest ratings hotel<br/>
Clicked on BOOK THIS NOW button<br/>
User is navigated to Review your Booking and element is verified<br/>
Browser is closed<br/>
</div>
</td>
<td></td>
<td>21</td>
<td>com.runners.CucumberRunner@38102d01</td></tr>
<tr>
<td title='com.runners.CucumberRunner.runScenario()'><b>runScenario</b><br>Test class: com.runners.CucumberRunner<br>Test method: Runs Cucumber Scenarios<br>Parameters: "User is able to change the currency", "Changing Currency"<br/>
<a href="#Output-527969285" onClick='toggleBox("Output-527969285", this, "Show output", "Hide output");'>Show output</a>

<a href="#Output-527969285" onClick="toggleAllBoxes();">Show all outputs</a>
<div class='log' id="Output-527969285">
Browser is launched<br/>
Navigated to the specified URL<br/>
Clicked on hotel<br/>
User is navigated to hotels page<br/>
Clicked on Currency button<br/>
Selected Arab Emirates Dirham currency<br/>
Currency is changed to AED<br/>
City entered and selected: Ban<br/>
Check-in date selected: November 20.0<br/>
Check-out date selected: November 23.0<br/>
Clicked on Apply button<br/>
Clicked on Search button<br/>
User is navigated to Bangkok Property hotel list <br/>
Clicked on sort by price from navbar<br/>
Entered area: patru in the search bar<br/>
Verified hotel list is displayed in the same locality<br/>
</div>
</td>
<td></td>
<td>28</td>
<td>com.runners.CucumberRunner@38102d01</td></tr>
<tr>
<td title='com.runners.CucumberRunner.runScenario()'><b>runScenario</b><br>Test class: com.runners.CucumberRunner<br>Test method: Runs Cucumber Scenarios<br>Parameters: "Validate user is able to sort by and read hotel reviews in the hotel details page", "Reviews"<br/>
<a href="#Output-956448191" onClick='toggleBox("Output-956448191", this, "Show output", "Hide output");'>Show output</a>

<a href="#Output-956448191" onClick="toggleAllBoxes();">Show all outputs</a>
<div class='log' id="Output-956448191">
Browser is launched<br/>
Navigated to the specified URL<br/>
Clicked on hotel<br/>
User is navigated to hotels page<br/>
Clicked on Search button<br/>
Entered locality: Goa in the search bar<br/>
Selected the option from the dropdown and clicked to search the hotel<br/>
Clicked on Ratings of the hotel<br/>
Navigated to details of hotel page and clicked on user reviews from navbar<br/>
Clicked on sort by in User Rating & Reviews and selected Positive first from dropdown<br/>
Scrolled down to read the reviews and clicked on Helpful icon<br/>
</div>
</td>
<td></td>
<td>27</td>
<td>com.runners.CucumberRunner@38102d01</td></tr>
</table><p>
</body>
</html>