<?xml version="1.0" encoding="UTF-8"?>
<!-- Generated by org.testng.reporters.JUnitReportReporter -->
<testsuite hostname="DESKTOP-ENRVP6H" failures="0" tests="8" name="com.runners.CucumberRunner" time="210.289" errors="3" timestamp="2024-11-14T09:42:42 IST" skipped="0">
  <testcase classname="com.runners.CucumberRunner" name="runScenario" time="17.560">
    <system-out>
      <![CDATA[Browser is launched
Navigated to the specified URL
Clicked on hotel
User is navigated to hotels page
City entered and selected: Ban
Check-in date selected: November 20.0
Check-out date selected: November 23.0
Clicked on Apply button
Clicked on Search button
User is navigated to Bangkok Property hotel list 
Clicked on explore on map
Clicked on View main areas]]>
    </system-out>
  </testcase> <!-- runScenario -->
  <testcase classname="com.runners.CucumberRunner" name="runScenario" time="15.091">
    <system-out>
      <![CDATA[Browser is launched
Navigated to the specified URL
Clicked on hotel
User is navigated to hotels page
User is able to scroll down to the list of places
User is able to click on the specific location for hotels
Verified after navigating to the page
User is able to see Budget option after scrolling
Min value entered in popup: 2500
Max value entered in popup: 5000
Clicked on arrow button
All filters are applied successfully]]>
    </system-out>
  </testcase> <!-- runScenario -->
  <testcase classname="com.runners.CucumberRunner" name="runScenario" time="32.273">
    <error message="no such element: Unable to locate element: {&quot;method&quot;:&quot;xpath&quot;,&quot;selector&quot;:&quot;//label[@for=&#039;₹ 4500 - ₹ 8000&#039;]&quot;}
  (Session info: chrome=131.0.6778.69)
For documentation on this error, please visit: https://www.selenium.dev/documentation/webdriver/troubleshooting/errors#no-such-element-exception
Build info: version: &#039;4.16.1&#039;, revision: &#039;9b4c83354e&#039;
System info: os.name: &#039;Windows 11&#039;, os.arch: &#039;amd64&#039;, os.version: &#039;10.0&#039;, java.version: &#039;23&#039;
Driver info: org.openqa.selenium.chrome.ChromeDriver
Command: [519000275ece050d04897e3a59681657, findElement {using=xpath, value=//label[@for=&#039;₹ 4500 - ₹ 8000&#039;]}]
Capabilities {acceptInsecureCerts: false, browserName: chrome, browserVersion: 131.0.6778.69, chrome: {chromedriverVersion: 131.0.6778.69 (77e2244bbcda..., userDataDir: C:\Users\swati\AppData\Loca...}, fedcm:accounts: true, goog:chromeOptions: {debuggerAddress: localhost:63924}, networkConnectionEnabled: false, pageLoadStrategy: normal, platformName: windows, proxy: Proxy(), se:cdp: ws://localhost:63924/devtoo..., se:cdpVersion: 131.0.6778.69, setWindowRect: true, strictFileInteractability: false, timeouts: {implicit: 0, pageLoad: 300000, script: 30000}, unhandledPromptBehavior: dismiss and notify, webauthn:extension:credBlob: true, webauthn:extension:largeBlob: true, webauthn:extension:minPinLength: true, webauthn:extension:prf: true, webauthn:virtualAuthenticators: true}
Session ID: 519000275ece050d04897e3a59681657" type="org.openqa.selenium.NoSuchElementException">
      <![CDATA[org.openqa.selenium.NoSuchElementException: no such element: Unable to locate element: {"method":"xpath","selector":"//label[@for='₹ 4500 - ₹ 8000']"}
  (Session info: chrome=131.0.6778.69)
For documentation on this error, please visit: https://www.selenium.dev/documentation/webdriver/troubleshooting/errors#no-such-element-exception
Build info: version: '4.16.1', revision: '9b4c83354e'
System info: os.name: 'Windows 11', os.arch: 'amd64', os.version: '10.0', java.version: '23'
Driver info: org.openqa.selenium.chrome.ChromeDriver
Command: [519000275ece050d04897e3a59681657, findElement {using=xpath, value=//label[@for='₹ 4500 - ₹ 8000']}]
Capabilities {acceptInsecureCerts: false, browserName: chrome, browserVersion: 131.0.6778.69, chrome: {chromedriverVersion: 131.0.6778.69 (77e2244bbcda..., userDataDir: C:\Users\swati\AppData\Loca...}, fedcm:accounts: true, goog:chromeOptions: {debuggerAddress: localhost:63924}, networkConnectionEnabled: false, pageLoadStrategy: normal, platformName: windows, proxy: Proxy(), se:cdp: ws://localhost:63924/devtoo..., se:cdpVersion: 131.0.6778.69, setWindowRect: true, strictFileInteractability: false, timeouts: {implicit: 0, pageLoad: 300000, script: 30000}, unhandledPromptBehavior: dismiss and notify, webauthn:extension:credBlob: true, webauthn:extension:largeBlob: true, webauthn:extension:minPinLength: true, webauthn:extension:prf: true, webauthn:virtualAuthenticators: true}
Session ID: 519000275ece050d04897e3a59681657
at java.base/jdk.internal.reflect.DirectConstructorHandleAccessor.newInstance(DirectConstructorHandleAccessor.java:62)
at java.base/java.lang.reflect.Constructor.newInstanceWithCaller(Constructor.java:501)
at java.base/java.lang.reflect.Constructor.newInstance(Constructor.java:485)
at org.openqa.selenium.remote.codec.w3c.W3CHttpResponseCodec.createException(W3CHttpResponseCodec.java:200)
at org.openqa.selenium.remote.codec.w3c.W3CHttpResponseCodec.decode(W3CHttpResponseCodec.java:133)
at org.openqa.selenium.remote.codec.w3c.W3CHttpResponseCodec.decode(W3CHttpResponseCodec.java:52)
at org.openqa.selenium.remote.HttpCommandExecutor.execute(HttpCommandExecutor.java:191)
at org.openqa.selenium.remote.service.DriverCommandExecutor.invokeExecute(DriverCommandExecutor.java:200)
at org.openqa.selenium.remote.service.DriverCommandExecutor.execute(DriverCommandExecutor.java:175)
at org.openqa.selenium.remote.RemoteWebDriver.execute(RemoteWebDriver.java:523)
at org.openqa.selenium.remote.ElementLocation$ElementFinder$2.findElement(ElementLocation.java:165)
at org.openqa.selenium.remote.ElementLocation.findElement(ElementLocation.java:59)
at org.openqa.selenium.remote.RemoteWebDriver.findElement(RemoteWebDriver.java:360)
at org.openqa.selenium.remote.RemoteWebDriver.findElement(RemoteWebDriver.java:354)
at org.openqa.selenium.support.pagefactory.DefaultElementLocator.findElement(DefaultElementLocator.java:68)
at org.openqa.selenium.support.pagefactory.internal.LocatingElementHandler.invoke(LocatingElementHandler.java:38)
at jdk.proxy2/jdk.proxy2.$Proxy25.isDisplayed(Unknown Source)
at com.stepDefinition.HotelSelection.select_price_checkbox_and_navigate_to_hotel_list(HotelSelection.java:79)
at ✽.Select price checkbox and navigate to hotel list(file:///C:/Users/swati/git/repository45/MakeMyTrip/./src/test/resources/featureFiles/HotelSelection.feature:17)
]]>
    </error>
    <system-out>
      <![CDATA[Browser is launched
Navigated to the specified URL
Clicked on hotel
User is navigated to hotels page
City entered and selected: Ban
Check-in date selected: November 20.0
Check-out date selected: November 23.0
Clicked on Apply button
Clicked on Search button
User is navigated to Bangkok Property hotel list 
Scrolled down to Price per night in filter option]]>
    </system-out>
  </testcase> <!-- runScenario -->
  <testcase classname="com.runners.CucumberRunner" name="runScenario" time="21.521">
    <system-out>
      <![CDATA[Browser is launched
Navigated to the specified URL
Clicked on hotel
User is navigated to hotels page
Clicked on Search button
Clicked on user rating
Clicked on highest ratings hotel
Clicked on BOOK THIS NOW button
User is navigated to Review your Booking and element is verified
Browser is closed]]>
    </system-out>
  </testcase> <!-- runScenario -->
  <testcase classname="com.runners.CucumberRunner" name="runScenario" time="28.632">
    <system-out>
      <![CDATA[Browser is launched
Navigated to the specified URL
Clicked on hotel
User is navigated to hotels page
Clicked on Currency button
Selected Arab Emirates Dirham currency
Currency is changed to AED
City entered and selected: Ban
Check-in date selected: November 20.0
Check-out date selected: November 23.0
Clicked on Apply button
Clicked on Search button
User is navigated to Bangkok Property hotel list 
Clicked on sort by price from navbar
Entered area: patru in the search bar
Verified hotel list is displayed in the same locality]]>
    </system-out>
  </testcase> <!-- runScenario -->
  <testcase classname="com.runners.CucumberRunner" name="runScenario" time="27.639">
    <system-out>
      <![CDATA[Browser is launched
Navigated to the specified URL
Clicked on hotel
User is navigated to hotels page
Clicked on Search button
Entered locality: Goa in the search bar
Selected the option from the dropdown and clicked to search the hotel
Clicked on Ratings of the hotel
Navigated to details of hotel page and clicked on user reviews from navbar
Clicked on sort by in User Rating & Reviews and selected Positive first from dropdown
Scrolled down to read the reviews and clicked on Helpful icon]]>
    </system-out>
  </testcase> <!-- runScenario -->
  <testcase classname="com.runners.CucumberRunner" name="runScenario" time="20.701">
    <error message="element click intercepted: Element &lt;span&gt;...&lt;/span&gt; is not clickable at point (104, 470). Other element would receive the click: &lt;div class=&quot;appendBottom35&quot;&gt;...&lt;/div&gt;
  (Session info: chrome=131.0.6778.69)
Build info: version: &#039;4.16.1&#039;, revision: &#039;9b4c83354e&#039;
System info: os.name: &#039;Windows 11&#039;, os.arch: &#039;amd64&#039;, os.version: &#039;10.0&#039;, java.version: &#039;23&#039;
Driver info: org.openqa.selenium.chrome.ChromeDriver
Command: [60112d5bfd31e8fcbfb9ee7b2c0e1d90, clickElement {id=f.4D829AC7C5B92626460805D2628766C8.d.8912027A677F5CA61919100BBA72E53C.e.513}]
Capabilities {acceptInsecureCerts: false, browserName: chrome, browserVersion: 131.0.6778.69, chrome: {chromedriverVersion: 131.0.6778.69 (77e2244bbcda..., userDataDir: C:\Users\swati\AppData\Loca...}, fedcm:accounts: true, goog:chromeOptions: {debuggerAddress: localhost:53701}, networkConnectionEnabled: false, pageLoadStrategy: normal, platformName: windows, proxy: Proxy(), se:cdp: ws://localhost:53701/devtoo..., se:cdpVersion: 131.0.6778.69, setWindowRect: true, strictFileInteractability: false, timeouts: {implicit: 0, pageLoad: 300000, script: 30000}, unhandledPromptBehavior: dismiss and notify, webauthn:extension:credBlob: true, webauthn:extension:largeBlob: true, webauthn:extension:minPinLength: true, webauthn:extension:prf: true, webauthn:virtualAuthenticators: true}
Element: [[ChromeDriver: chrome on windows (60112d5bfd31e8fcbfb9ee7b2c0e1d90)] -&gt; xpath: //span[text()=&#039;Free Breakfast&#039;]]
Session ID: 60112d5bfd31e8fcbfb9ee7b2c0e1d90" type="org.openqa.selenium.ElementClickInterceptedException">
      <![CDATA[org.openqa.selenium.ElementClickInterceptedException: element click intercepted: Element <span>...</span> is not clickable at point (104, 470). Other element would receive the click: <div class="appendBottom35">...</div>
  (Session info: chrome=131.0.6778.69)
Build info: version: '4.16.1', revision: '9b4c83354e'
System info: os.name: 'Windows 11', os.arch: 'amd64', os.version: '10.0', java.version: '23'
Driver info: org.openqa.selenium.chrome.ChromeDriver
Command: [60112d5bfd31e8fcbfb9ee7b2c0e1d90, clickElement {id=f.4D829AC7C5B92626460805D2628766C8.d.8912027A677F5CA61919100BBA72E53C.e.513}]
Capabilities {acceptInsecureCerts: false, browserName: chrome, browserVersion: 131.0.6778.69, chrome: {chromedriverVersion: 131.0.6778.69 (77e2244bbcda..., userDataDir: C:\Users\swati\AppData\Loca...}, fedcm:accounts: true, goog:chromeOptions: {debuggerAddress: localhost:53701}, networkConnectionEnabled: false, pageLoadStrategy: normal, platformName: windows, proxy: Proxy(), se:cdp: ws://localhost:53701/devtoo..., se:cdpVersion: 131.0.6778.69, setWindowRect: true, strictFileInteractability: false, timeouts: {implicit: 0, pageLoad: 300000, script: 30000}, unhandledPromptBehavior: dismiss and notify, webauthn:extension:credBlob: true, webauthn:extension:largeBlob: true, webauthn:extension:minPinLength: true, webauthn:extension:prf: true, webauthn:virtualAuthenticators: true}
Element: [[ChromeDriver: chrome on windows (60112d5bfd31e8fcbfb9ee7b2c0e1d90)] -> xpath: //span[text()='Free Breakfast']]
Session ID: 60112d5bfd31e8fcbfb9ee7b2c0e1d90
at java.base/jdk.internal.reflect.DirectConstructorHandleAccessor.newInstance(DirectConstructorHandleAccessor.java:62)
at java.base/java.lang.reflect.Constructor.newInstanceWithCaller(Constructor.java:501)
at java.base/java.lang.reflect.Constructor.newInstance(Constructor.java:485)
at org.openqa.selenium.remote.codec.w3c.W3CHttpResponseCodec.createException(W3CHttpResponseCodec.java:200)
at org.openqa.selenium.remote.codec.w3c.W3CHttpResponseCodec.decode(W3CHttpResponseCodec.java:133)
at org.openqa.selenium.remote.codec.w3c.W3CHttpResponseCodec.decode(W3CHttpResponseCodec.java:52)
at org.openqa.selenium.remote.HttpCommandExecutor.execute(HttpCommandExecutor.java:191)
at org.openqa.selenium.remote.service.DriverCommandExecutor.invokeExecute(DriverCommandExecutor.java:200)
at org.openqa.selenium.remote.service.DriverCommandExecutor.execute(DriverCommandExecutor.java:175)
at org.openqa.selenium.remote.RemoteWebDriver.execute(RemoteWebDriver.java:523)
at org.openqa.selenium.remote.RemoteWebElement.execute(RemoteWebElement.java:224)
at org.openqa.selenium.remote.RemoteWebElement.click(RemoteWebElement.java:77)
at java.base/jdk.internal.reflect.DirectMethodHandleAccessor.invoke(DirectMethodHandleAccessor.java:103)
at java.base/java.lang.reflect.Method.invoke(Method.java:580)
at org.openqa.selenium.support.pagefactory.internal.LocatingElementHandler.invoke(LocatingElementHandler.java:51)
at jdk.proxy2/jdk.proxy2.$Proxy25.click(Unknown Source)
at com.elementRepository.MultipleFiltersPage.breakfastFilterClicked(MultipleFiltersPage.java:92)
at com.stepDefinition.MultipleFilters.user_clicks_on_multiple_filters(MultipleFilters.java:90)
at ✽.User clicks on multiple filters(file:///C:/Users/swati/git/repository45/MakeMyTrip/./src/test/resources/featureFiles/MultipleFilters.feature:14)
]]>
    </error>
    <system-out>
      <![CDATA[Browser is launched
Navigated to the specified URL
Clicked on hotel
User is navigated to hotels page
User is able to scroll down to the list of places
User is able to click on the specific location for hotels
Verified after navigating to the page
City entered in popup: Mumbai
User is able to Enter city and selected checkin, checkout, room, and guests textfield
 User Clicked on Star filter]]>
    </system-out>
  </testcase> <!-- runScenario -->
  <testcase classname="com.runners.CucumberRunner" name="runScenario" time="46.872">
    <error message="no such element: Unable to locate element: {&quot;method&quot;:&quot;xpath&quot;,&quot;selector&quot;:&quot;//h2[@class=&#039;font24 latoBlack whiteText&#039;]&quot;}
  (Session info: chrome=131.0.6778.69)
For documentation on this error, please visit: https://www.selenium.dev/documentation/webdriver/troubleshooting/errors#no-such-element-exception
Build info: version: &#039;4.16.1&#039;, revision: &#039;9b4c83354e&#039;
System info: os.name: &#039;Windows 11&#039;, os.arch: &#039;amd64&#039;, os.version: &#039;10.0&#039;, java.version: &#039;23&#039;
Driver info: org.openqa.selenium.chrome.ChromeDriver
Command: [2037a52ca6b99a525449ff010e6ed964, findElement {using=xpath, value=//h2[@class=&#039;font24 latoBlack whiteText&#039;]}]
Capabilities {acceptInsecureCerts: false, browserName: chrome, browserVersion: 131.0.6778.69, chrome: {chromedriverVersion: 131.0.6778.69 (77e2244bbcda..., userDataDir: C:\Users\swati\AppData\Loca...}, fedcm:accounts: true, goog:chromeOptions: {debuggerAddress: localhost:63784}, networkConnectionEnabled: false, pageLoadStrategy: normal, platformName: windows, proxy: Proxy(), se:cdp: ws://localhost:63784/devtoo..., se:cdpVersion: 131.0.6778.69, setWindowRect: true, strictFileInteractability: false, timeouts: {implicit: 0, pageLoad: 300000, script: 30000}, unhandledPromptBehavior: dismiss and notify, webauthn:extension:credBlob: true, webauthn:extension:largeBlob: true, webauthn:extension:minPinLength: true, webauthn:extension:prf: true, webauthn:virtualAuthenticators: true}
Session ID: 2037a52ca6b99a525449ff010e6ed964" type="org.openqa.selenium.NoSuchElementException">
      <![CDATA[org.openqa.selenium.NoSuchElementException: no such element: Unable to locate element: {"method":"xpath","selector":"//h2[@class='font24 latoBlack whiteText']"}
  (Session info: chrome=131.0.6778.69)
For documentation on this error, please visit: https://www.selenium.dev/documentation/webdriver/troubleshooting/errors#no-such-element-exception
Build info: version: '4.16.1', revision: '9b4c83354e'
System info: os.name: 'Windows 11', os.arch: 'amd64', os.version: '10.0', java.version: '23'
Driver info: org.openqa.selenium.chrome.ChromeDriver
Command: [2037a52ca6b99a525449ff010e6ed964, findElement {using=xpath, value=//h2[@class='font24 latoBlack whiteText']}]
Capabilities {acceptInsecureCerts: false, browserName: chrome, browserVersion: 131.0.6778.69, chrome: {chromedriverVersion: 131.0.6778.69 (77e2244bbcda..., userDataDir: C:\Users\swati\AppData\Loca...}, fedcm:accounts: true, goog:chromeOptions: {debuggerAddress: localhost:63784}, networkConnectionEnabled: false, pageLoadStrategy: normal, platformName: windows, proxy: Proxy(), se:cdp: ws://localhost:63784/devtoo..., se:cdpVersion: 131.0.6778.69, setWindowRect: true, strictFileInteractability: false, timeouts: {implicit: 0, pageLoad: 300000, script: 30000}, unhandledPromptBehavior: dismiss and notify, webauthn:extension:credBlob: true, webauthn:extension:largeBlob: true, webauthn:extension:minPinLength: true, webauthn:extension:prf: true, webauthn:virtualAuthenticators: true}
Session ID: 2037a52ca6b99a525449ff010e6ed964
at java.base/jdk.internal.reflect.DirectConstructorHandleAccessor.newInstance(DirectConstructorHandleAccessor.java:62)
at java.base/java.lang.reflect.Constructor.newInstanceWithCaller(Constructor.java:501)
at java.base/java.lang.reflect.Constructor.newInstance(Constructor.java:485)
at org.openqa.selenium.remote.codec.w3c.W3CHttpResponseCodec.createException(W3CHttpResponseCodec.java:200)
at org.openqa.selenium.remote.codec.w3c.W3CHttpResponseCodec.decode(W3CHttpResponseCodec.java:133)
at org.openqa.selenium.remote.codec.w3c.W3CHttpResponseCodec.decode(W3CHttpResponseCodec.java:52)
at org.openqa.selenium.remote.HttpCommandExecutor.execute(HttpCommandExecutor.java:191)
at org.openqa.selenium.remote.service.DriverCommandExecutor.invokeExecute(DriverCommandExecutor.java:200)
at org.openqa.selenium.remote.service.DriverCommandExecutor.execute(DriverCommandExecutor.java:175)
at org.openqa.selenium.remote.RemoteWebDriver.execute(RemoteWebDriver.java:523)
at org.openqa.selenium.remote.ElementLocation$ElementFinder$2.findElement(ElementLocation.java:165)
at org.openqa.selenium.remote.ElementLocation.findElement(ElementLocation.java:59)
at org.openqa.selenium.remote.RemoteWebDriver.findElement(RemoteWebDriver.java:360)
at org.openqa.selenium.remote.RemoteWebDriver.findElement(RemoteWebDriver.java:354)
at org.openqa.selenium.support.pagefactory.DefaultElementLocator.findElement(DefaultElementLocator.java:68)
at org.openqa.selenium.support.pagefactory.internal.LocatingElementHandler.invoke(LocatingElementHandler.java:38)
at jdk.proxy2/jdk.proxy2.$Proxy25.isDisplayed(Unknown Source)
at com.stepDefinition.SortByHotels.user_is_navigated_to_review_your_booking(SortByHotels.java:96)
at ✽.User is navigated to Review your Booking(file:///C:/Users/swati/git/repository45/MakeMyTrip/./src/test/resources/featureFiles/ReviewHotelFromMap.feature:19)
]]>
    </error>
    <system-out>
      <![CDATA[Browser is launched
Navigated to the specified URL
Clicked on hotel
User is navigated to hotels page
City entered and selected: Ban
Check-in date selected: November 20.0
Check-out date selected: November 23.0
Clicked on Apply button
Clicked on Search button
User is navigated to Bangkok Property hotel list 
Clicked on explore on map
Clicked on View main areas
Clicked on the area option
Navigated to hotel list page
Clicked on the filtered hotel to view details
Clicked on BOOK THIS NOW button]]>
    </system-out>
  </testcase> <!-- runScenario -->
  <system-out>
    <![CDATA[Browser is launched
Navigated to the specified URL
Clicked on hotel
User is navigated to hotels page
Clicked on Currency button
Selected Arab Emirates Dirham currency
Currency is changed to AED
City entered and selected: Ban
Check-in date selected: November 20.0
Check-out date selected: November 23.0
Clicked on Apply button
Clicked on Search button
User is navigated to Bangkok Property hotel list 
Clicked on sort by price from navbar
Entered area: patru in the search bar
Verified hotel list is displayed in the same locality
Browser is launched
Navigated to the specified URL
Clicked on hotel
User is navigated to hotels page
Clicked on Search button
Entered locality: Goa in the search bar
Selected the option from the dropdown and clicked to search the hotel
Clicked on Ratings of the hotel
Navigated to details of hotel page and clicked on user reviews from navbar
Clicked on sort by in User Rating & Reviews and selected Positive first from dropdown
Scrolled down to read the reviews and clicked on Helpful icon
Browser is launched
Navigated to the specified URL
Clicked on hotel
User is navigated to hotels page
City entered and selected: Ban
Check-in date selected: November 20.0
Check-out date selected: November 23.0
Clicked on Apply button
Clicked on Search button
User is navigated to Bangkok Property hotel list 
Scrolled down to Price per night in filter option
Browser is launched
Navigated to the specified URL
Clicked on hotel
User is navigated to hotels page
City entered and selected: Ban
Check-in date selected: November 20.0
Check-out date selected: November 23.0
Clicked on Apply button
Clicked on Search button
User is navigated to Bangkok Property hotel list 
Clicked on explore on map
Clicked on View main areas
Browser is launched
Navigated to the specified URL
Clicked on hotel
User is navigated to hotels page
User is able to scroll down to the list of places
User is able to click on the specific location for hotels
Verified after navigating to the page
City entered in popup: Mumbai
User is able to Enter city and selected checkin, checkout, room, and guests textfield
 User Clicked on Star filter
Browser is launched
Navigated to the specified URL
Clicked on hotel
User is navigated to hotels page
User is able to scroll down to the list of places
User is able to click on the specific location for hotels
Verified after navigating to the page
User is able to see Budget option after scrolling
Min value entered in popup: 2500
Max value entered in popup: 5000
Clicked on arrow button
All filters are applied successfully
Browser is launched
Navigated to the specified URL
Clicked on hotel
User is navigated to hotels page
City entered and selected: Ban
Check-in date selected: November 20.0
Check-out date selected: November 23.0
Clicked on Apply button
Clicked on Search button
User is navigated to Bangkok Property hotel list 
Clicked on explore on map
Clicked on View main areas
Clicked on the area option
Navigated to hotel list page
Clicked on the filtered hotel to view details
Clicked on BOOK THIS NOW button
Browser is launched
Navigated to the specified URL
Clicked on hotel
User is navigated to hotels page
Clicked on Search button
Clicked on user rating
Clicked on highest ratings hotel
Clicked on BOOK THIS NOW button
User is navigated to Review your Booking and element is verified
Browser is closed]]>
  </system-out>
</testsuite> <!-- com.runners.CucumberRunner -->
